[debug] [2024-12-08T12:03:40.588Z] ----------------------------------------------------------------------
[debug] [2024-12-08T12:03:40.591Z] Command:       C:\Program Files\nodejs\node.exe C:\Users\Toxicon666\AppData\Roaming\npm\node_modules\firebase-tools\lib\bin\firebase.js login
[debug] [2024-12-08T12:03:40.592Z] CLI Version:   13.28.0
[debug] [2024-12-08T12:03:40.592Z] Platform:      win32
[debug] [2024-12-08T12:03:40.592Z] Node Version:  v20.16.0
[debug] [2024-12-08T12:03:40.592Z] Time:          Sun Dec 08 2024 20:03:40 GMT+0800 (Philippine Standard Time)
[debug] [2024-12-08T12:03:40.592Z] ----------------------------------------------------------------------
[debug] 
[debug] [2024-12-08T12:03:40.595Z] >>> [apiv2][query] GET https://firebase-public.firebaseio.com/cli.json [none]
[info] i  Firebase optionally collects CLI and Emulator Suite usage and error reporting information to help improve our products. Data is collected in accordance with Google's privacy policy (https://policies.google.com/privacy) and is not used to identify you.
 
[debug] [2024-12-08T12:03:41.210Z] <<< [apiv2][status] GET https://firebase-public.firebaseio.com/cli.json 200
[debug] [2024-12-08T12:03:41.211Z] <<< [apiv2][body] GET https://firebase-public.firebaseio.com/cli.json {"cloudBuildErrorAfter":1594252800000,"cloudBuildWarnAfter":1590019200000,"defaultNode10After":1594252800000,"minVersion":"3.0.5","node8DeploysDisabledAfter":1613390400000,"node8RuntimeDisabledAfter":1615809600000,"node8WarnAfter":1600128000000}
[info] 
[info] Visit this URL on this device to log in:
[info] https://accounts.google.com/o/oauth2/auth?client_id=563584335869-fgrhgmd47bqnekij5i8b5pr03ho849e6.apps.googleusercontent.com&scope=email%20openid%20https%3A%2F%2Fwww.googleapis.com%2Fauth%2Fcloudplatformprojects.readonly%20https%3A%2F%2Fwww.googleapis.com%2Fauth%2Ffirebase%20https%3A%2F%2Fwww.googleapis.com%2Fauth%2Fcloud-platform&response_type=code&state=871399845&redirect_uri=http%3A%2F%2Flocalhost%3A9005
[info] 
[info] Waiting for authentication...
[debug] [2024-12-08T12:05:11.700Z] Error: spawn cmd ENOENT
    at ChildProcess._handle.onexit (node:internal/child_process:286:19)
    at onErrorNT (node:internal/child_process:484:16)
    at process.processTicksAndRejections (node:internal/process/task_queues:82:21)
[error] 
[error] Error: An unexpected error has occurred.
[debug] [2024-12-08T12:06:40.901Z] ----------------------------------------------------------------------
[debug] [2024-12-08T12:06:40.904Z] Command:       C:\Program Files\nodejs\node.exe C:\Users\Toxicon666\AppData\Roaming\npm\node_modules\firebase-tools\lib\bin\firebase.js login
[debug] [2024-12-08T12:06:40.904Z] CLI Version:   13.28.0
[debug] [2024-12-08T12:06:40.904Z] Platform:      win32
[debug] [2024-12-08T12:06:40.904Z] Node Version:  v20.16.0
[debug] [2024-12-08T12:06:40.904Z] Time:          Sun Dec 08 2024 20:06:40 GMT+0800 (Philippine Standard Time)
[debug] [2024-12-08T12:06:40.905Z] ----------------------------------------------------------------------
[debug] 
[info] i  Firebase optionally collects CLI and Emulator Suite usage and error reporting information to help improve our products. Data is collected in accordance with Google's privacy policy (https://policies.google.com/privacy) and is not used to identify you.
 
[info] 
[info] Visit this URL on this device to log in:
[info] https://accounts.google.com/o/oauth2/auth?client_id=563584335869-fgrhgmd47bqnekij5i8b5pr03ho849e6.apps.googleusercontent.com&scope=email%20openid%20https%3A%2F%2Fwww.googleapis.com%2Fauth%2Fcloudplatformprojects.readonly%20https%3A%2F%2Fwww.googleapis.com%2Fauth%2Ffirebase%20https%3A%2F%2Fwww.googleapis.com%2Fauth%2Fcloud-platform&response_type=code&state=643978703&redirect_uri=http%3A%2F%2Flocalhost%3A9005
[info] 
[info] Waiting for authentication...
[debug] [2024-12-08T12:06:42.716Z] Error: spawn cmd ENOENT
    at ChildProcess._handle.onexit (node:internal/child_process:286:19)
    at onErrorNT (node:internal/child_process:484:16)
    at process.processTicksAndRejections (node:internal/process/task_queues:82:21)
[error] 
[error] Error: An unexpected error has occurred.
[debug] [2024-12-08T12:07:40.929Z] ----------------------------------------------------------------------
[debug] [2024-12-08T12:07:40.931Z] Command:       C:\Program Files\nodejs\node.exe C:\Users\Toxicon666\AppData\Roaming\npm\node_modules\firebase-tools\lib\bin\firebase.js login
[debug] [2024-12-08T12:07:40.932Z] CLI Version:   13.28.0
[debug] [2024-12-08T12:07:40.932Z] Platform:      win32
[debug] [2024-12-08T12:07:40.932Z] Node Version:  v20.16.0
[debug] [2024-12-08T12:07:40.932Z] Time:          Sun Dec 08 2024 20:07:40 GMT+0800 (Philippine Standard Time)
[debug] [2024-12-08T12:07:40.932Z] ----------------------------------------------------------------------
[debug] 
[info] i  Firebase optionally collects CLI and Emulator Suite usage and error reporting information to help improve our products. Data is collected in accordance with Google's privacy policy (https://policies.google.com/privacy) and is not used to identify you.
 
[info] 
[info] Visit this URL on this device to log in:
[info] https://accounts.google.com/o/oauth2/auth?client_id=563584335869-fgrhgmd47bqnekij5i8b5pr03ho849e6.apps.googleusercontent.com&scope=email%20openid%20https%3A%2F%2Fwww.googleapis.com%2Fauth%2Fcloudplatformprojects.readonly%20https%3A%2F%2Fwww.googleapis.com%2Fauth%2Ffirebase%20https%3A%2F%2Fwww.googleapis.com%2Fauth%2Fcloud-platform&response_type=code&state=768500000&redirect_uri=http%3A%2F%2Flocalhost%3A9005
[info] 
[info] Waiting for authentication...
[debug] [2024-12-08T12:07:43.611Z] Error: spawn cmd ENOENT
    at ChildProcess._handle.onexit (node:internal/child_process:286:19)
    at onErrorNT (node:internal/child_process:484:16)
    at process.processTicksAndRejections (node:internal/process/task_queues:82:21)
[error] 
[error] Error: An unexpected error has occurred.
